--
-- Creates a simple table and enables logging twice (the second call should update the interval)
--
BEGIN;
CREATE TABLE config (
	key VARCHAR(100) PRIMARY KEY,
	value TEXT NOT NULL
);
-- enable logging
SELECT recall_enable('config', '2 months');
 recall_enable 
---------------
 
(1 row)

-- run a cleanup to make sure last_cleanup is set
SELECT recall_cleanup_all();
NOTICE:  recall: Cleaning up table config
CONTEXT:  SQL statement "SELECT recall_cleanup(tbl)"
PL/pgSQL function recall_cleanup_all() line 7 at PERFORM
 recall_cleanup_all 
--------------------
 
(1 row)

-- check the config table
SELECT tblid, log_interval, now() - last_cleanup FROM _recall_config;
 tblid  | log_interval | ?column? 
--------+--------------+----------
 config | @ 2 mons     | @ 0
(1 row)

-- a new call to recall_enable should trigger a notice, update the interval
-- and reset last_cleanup
SELECT recall_enable('config', '3 months');
NOTICE:  recall_enable(config, @ 3 mons) called on an already managed table. Updating log_interval and pkey_cols, clearing last_cleanup
 recall_enable 
---------------
 
(1 row)

SELECT tblid, log_interval, now() - last_cleanup FROM _recall_config;
 tblid  | log_interval | ?column? 
--------+--------------+----------
 config | @ 3 mons     | 
(1 row)

ROLLBACK;
