--
-- Creates a managed table with a NULL log interval and makes sure it's not affected 
-- by cleanup() calls
--
CREATE TABLE config (
	name VARCHAR(100) PRIMARY KEY,
	value TEXT NOT NULL
);
ERROR:  relation "config" already exists
SELECT recall_enable('config', NULL);
ERROR:  relation "config_tpl" already exists
CONTEXT:  SQL statement "CREATE TABLE config_tpl (LIKE config)"
PL/pgSQL function recall_enable(regclass,interval) line 21 at EXECUTE
-- run some statements
INSERT INTO config VALUES ('foo', 'bar');
INSERT INTO config VALUES ('true', false);
INSERT INTO config VALUES ('answer', 42);
UPDATE config SET value=true WHERE key='true';
-- cleanup (should return 0)
SELECT recall_cleanup('config');
NOTICE:  recall: Cleaning up table config
 recall_cleanup 
----------------
              0
(1 row)

-- and check the log data (there should be 4 rows)
SELECT key, value, _log_end IS NULL AS is_current FROM config_log;
  key   | value | is_current 
--------+-------+------------
 foo    | bar   | t
 answer | 42    | t
 true   | false | f
 true   | true  | t
(4 rows)

